0 info it worked if it ends with ok
1 verbose cli [ 'node', '/usr/local/bin/npm', 'install' ]
2 info using npm@1.4.28
3 info using node@v0.10.32
4 warn package.json hapiblog@0.0.1 No repository field.
5 verbose readDependencies using package.json deps
6 verbose install where, deps [ '/Users/benjaminlees/Documents/frontToBackBlog/frontToBackBlog',
6 verbose install   [ 'catbox-mongodb', 'hapi', 'hapi-mongodb', 'jade', 'joi' ] ]
7 info preinstall hapiblog@0.0.1
8 verbose readDependencies using package.json deps
9 verbose cache add [ 'hapi-mongodb@^2.2.0', null ]
10 verbose cache add name=undefined spec="hapi-mongodb@^2.2.0" args=["hapi-mongodb@^2.2.0",null]
11 verbose parsed url { protocol: null,
11 verbose parsed url   slashes: null,
11 verbose parsed url   auth: null,
11 verbose parsed url   host: null,
11 verbose parsed url   port: null,
11 verbose parsed url   hostname: null,
11 verbose parsed url   hash: null,
11 verbose parsed url   search: null,
11 verbose parsed url   query: null,
11 verbose parsed url   pathname: 'hapi-mongodb@^2.2.0',
11 verbose parsed url   path: 'hapi-mongodb@^2.2.0',
11 verbose parsed url   href: 'hapi-mongodb@^2.2.0' }
12 verbose cache add [ 'jade@^1.7.0', null ]
13 verbose cache add name=undefined spec="jade@^1.7.0" args=["jade@^1.7.0",null]
14 verbose parsed url { protocol: null,
14 verbose parsed url   slashes: null,
14 verbose parsed url   auth: null,
14 verbose parsed url   host: null,
14 verbose parsed url   port: null,
14 verbose parsed url   hostname: null,
14 verbose parsed url   hash: null,
14 verbose parsed url   search: null,
14 verbose parsed url   query: null,
14 verbose parsed url   pathname: 'jade@^1.7.0',
14 verbose parsed url   path: 'jade@^1.7.0',
14 verbose parsed url   href: 'jade@^1.7.0' }
15 verbose cache add name="hapi-mongodb" spec="^2.2.0" args=["hapi-mongodb","^2.2.0"]
16 verbose parsed url { protocol: null,
16 verbose parsed url   slashes: null,
16 verbose parsed url   auth: null,
16 verbose parsed url   host: null,
16 verbose parsed url   port: null,
16 verbose parsed url   hostname: null,
16 verbose parsed url   hash: null,
16 verbose parsed url   search: null,
16 verbose parsed url   query: null,
16 verbose parsed url   pathname: '^2.2.0',
16 verbose parsed url   path: '^2.2.0',
16 verbose parsed url   href: '^2.2.0' }
17 verbose addNamed [ 'hapi-mongodb', '^2.2.0' ]
18 verbose addNamed [ null, '>=2.2.0-0 <3.0.0-0' ]
19 verbose cache add [ 'joi@^4.7.0', null ]
20 verbose cache add name=undefined spec="joi@^4.7.0" args=["joi@^4.7.0",null]
21 verbose parsed url { protocol: null,
21 verbose parsed url   slashes: null,
21 verbose parsed url   auth: null,
21 verbose parsed url   host: null,
21 verbose parsed url   port: null,
21 verbose parsed url   hostname: null,
21 verbose parsed url   hash: null,
21 verbose parsed url   search: null,
21 verbose parsed url   query: null,
21 verbose parsed url   pathname: 'joi@^4.7.0',
21 verbose parsed url   path: 'joi@^4.7.0',
21 verbose parsed url   href: 'joi@^4.7.0' }
22 verbose cache add name="jade" spec="^1.7.0" args=["jade","^1.7.0"]
23 verbose parsed url { protocol: null,
23 verbose parsed url   slashes: null,
23 verbose parsed url   auth: null,
23 verbose parsed url   host: null,
23 verbose parsed url   port: null,
23 verbose parsed url   hostname: null,
23 verbose parsed url   hash: null,
23 verbose parsed url   search: null,
23 verbose parsed url   query: null,
23 verbose parsed url   pathname: '^1.7.0',
23 verbose parsed url   path: '^1.7.0',
23 verbose parsed url   href: '^1.7.0' }
24 verbose addNamed [ 'jade', '^1.7.0' ]
25 verbose addNamed [ null, '>=1.7.0-0 <2.0.0-0' ]
26 silly lockFile 74995dec-hapi-mongodb-2-2-0 hapi-mongodb@^2.2.0
27 verbose lock hapi-mongodb@^2.2.0 /Users/benjaminlees/.npm/74995dec-hapi-mongodb-2-2-0.lock
28 silly lockFile b3c23ec8-jade-1-7-0 jade@^1.7.0
29 verbose lock jade@^1.7.0 /Users/benjaminlees/.npm/b3c23ec8-jade-1-7-0.lock
30 verbose cache add [ 'catbox-mongodb@^1.0.5', null ]
31 verbose cache add name=undefined spec="catbox-mongodb@^1.0.5" args=["catbox-mongodb@^1.0.5",null]
32 verbose parsed url { protocol: null,
32 verbose parsed url   slashes: null,
32 verbose parsed url   auth: null,
32 verbose parsed url   host: null,
32 verbose parsed url   port: null,
32 verbose parsed url   hostname: null,
32 verbose parsed url   hash: null,
32 verbose parsed url   search: null,
32 verbose parsed url   query: null,
32 verbose parsed url   pathname: 'catbox-mongodb@^1.0.5',
32 verbose parsed url   path: 'catbox-mongodb@^1.0.5',
32 verbose parsed url   href: 'catbox-mongodb@^1.0.5' }
33 verbose cache add [ 'hapi@^7.0.0', null ]
34 verbose cache add name=undefined spec="hapi@^7.0.0" args=["hapi@^7.0.0",null]
35 verbose parsed url { protocol: null,
35 verbose parsed url   slashes: null,
35 verbose parsed url   auth: null,
35 verbose parsed url   host: null,
35 verbose parsed url   port: null,
35 verbose parsed url   hostname: null,
35 verbose parsed url   hash: null,
35 verbose parsed url   search: null,
35 verbose parsed url   query: null,
35 verbose parsed url   pathname: 'hapi@^7.0.0',
35 verbose parsed url   path: 'hapi@^7.0.0',
35 verbose parsed url   href: 'hapi@^7.0.0' }
36 verbose cache add name="joi" spec="^4.7.0" args=["joi","^4.7.0"]
37 verbose parsed url { protocol: null,
37 verbose parsed url   slashes: null,
37 verbose parsed url   auth: null,
37 verbose parsed url   host: null,
37 verbose parsed url   port: null,
37 verbose parsed url   hostname: null,
37 verbose parsed url   hash: null,
37 verbose parsed url   search: null,
37 verbose parsed url   query: null,
37 verbose parsed url   pathname: '^4.7.0',
37 verbose parsed url   path: '^4.7.0',
37 verbose parsed url   href: '^4.7.0' }
38 verbose addNamed [ 'joi', '^4.7.0' ]
39 verbose addNamed [ null, '>=4.7.0-0 <5.0.0-0' ]
40 silly lockFile d2844e06-joi-4-7-0 joi@^4.7.0
41 verbose lock joi@^4.7.0 /Users/benjaminlees/.npm/d2844e06-joi-4-7-0.lock
42 verbose cache add name="catbox-mongodb" spec="^1.0.5" args=["catbox-mongodb","^1.0.5"]
43 verbose parsed url { protocol: null,
43 verbose parsed url   slashes: null,
43 verbose parsed url   auth: null,
43 verbose parsed url   host: null,
43 verbose parsed url   port: null,
43 verbose parsed url   hostname: null,
43 verbose parsed url   hash: null,
43 verbose parsed url   search: null,
43 verbose parsed url   query: null,
43 verbose parsed url   pathname: '^1.0.5',
43 verbose parsed url   path: '^1.0.5',
43 verbose parsed url   href: '^1.0.5' }
44 verbose addNamed [ 'catbox-mongodb', '^1.0.5' ]
45 verbose addNamed [ null, '>=1.0.5-0 <2.0.0-0' ]
46 silly lockFile 7615f0d5-catbox-mongodb-1-0-5 catbox-mongodb@^1.0.5
47 verbose lock catbox-mongodb@^1.0.5 /Users/benjaminlees/.npm/7615f0d5-catbox-mongodb-1-0-5.lock
48 verbose cache add name="hapi" spec="^7.0.0" args=["hapi","^7.0.0"]
49 verbose parsed url { protocol: null,
49 verbose parsed url   slashes: null,
49 verbose parsed url   auth: null,
49 verbose parsed url   host: null,
49 verbose parsed url   port: null,
49 verbose parsed url   hostname: null,
49 verbose parsed url   hash: null,
49 verbose parsed url   search: null,
49 verbose parsed url   query: null,
49 verbose parsed url   pathname: '^7.0.0',
49 verbose parsed url   path: '^7.0.0',
49 verbose parsed url   href: '^7.0.0' }
50 verbose addNamed [ 'hapi', '^7.0.0' ]
51 verbose addNamed [ null, '>=7.0.0-0 <8.0.0-0' ]
52 silly lockFile 2330be6d-hapi-7-0-0 hapi@^7.0.0
53 verbose lock hapi@^7.0.0 /Users/benjaminlees/.npm/2330be6d-hapi-7-0-0.lock
54 silly addNameRange { name: 'jade', range: '>=1.7.0-0 <2.0.0-0', hasData: false }
55 silly addNameRange { name: 'hapi-mongodb',
55 silly addNameRange   range: '>=2.2.0-0 <3.0.0-0',
55 silly addNameRange   hasData: false }
56 silly addNameRange { name: 'joi', range: '>=4.7.0-0 <5.0.0-0', hasData: false }
57 silly addNameRange { name: 'hapi', range: '>=7.0.0-0 <8.0.0-0', hasData: false }
58 silly addNameRange { name: 'catbox-mongodb',
58 silly addNameRange   range: '>=1.0.5-0 <2.0.0-0',
58 silly addNameRange   hasData: false }
59 verbose request where is /catbox-mongodb
60 verbose request registry https://registry.npmjs.org/
61 verbose request id 4d63598547d5548c
62 verbose url raw /catbox-mongodb
63 verbose url resolving [ 'https://registry.npmjs.org/', './catbox-mongodb' ]
64 verbose url resolved https://registry.npmjs.org/catbox-mongodb
65 verbose request where is https://registry.npmjs.org/catbox-mongodb
66 info trying registry request attempt 1 at 13:45:21
67 http GET https://registry.npmjs.org/catbox-mongodb
68 verbose request where is /jade
69 verbose request registry https://registry.npmjs.org/
70 verbose url raw /jade
71 verbose url resolving [ 'https://registry.npmjs.org/', './jade' ]
72 verbose url resolved https://registry.npmjs.org/jade
73 verbose request where is https://registry.npmjs.org/jade
74 info trying registry request attempt 1 at 13:45:21
75 verbose etag "574TTA7U5CJE1ZXHJE2S286DB"
76 http GET https://registry.npmjs.org/jade
77 verbose request where is /hapi-mongodb
78 verbose request registry https://registry.npmjs.org/
79 verbose url raw /hapi-mongodb
80 verbose url resolving [ 'https://registry.npmjs.org/', './hapi-mongodb' ]
81 verbose url resolved https://registry.npmjs.org/hapi-mongodb
82 verbose request where is https://registry.npmjs.org/hapi-mongodb
83 info trying registry request attempt 1 at 13:45:21
84 verbose etag "BQEWTKMY4VV9LME9AYC7ZK1WM"
85 http GET https://registry.npmjs.org/hapi-mongodb
86 verbose request where is /joi
87 verbose request registry https://registry.npmjs.org/
88 verbose url raw /joi
89 verbose url resolving [ 'https://registry.npmjs.org/', './joi' ]
90 verbose url resolved https://registry.npmjs.org/joi
91 verbose request where is https://registry.npmjs.org/joi
92 info trying registry request attempt 1 at 13:45:21
93 verbose etag "EF0KGKPR4YIPLRO9Y5UV9AZ9U"
94 http GET https://registry.npmjs.org/joi
95 verbose request where is /hapi
96 verbose request registry https://registry.npmjs.org/
97 verbose url raw /hapi
98 verbose url resolving [ 'https://registry.npmjs.org/', './hapi' ]
99 verbose url resolved https://registry.npmjs.org/hapi
100 verbose request where is https://registry.npmjs.org/hapi
101 info trying registry request attempt 1 at 13:45:21
102 verbose etag "11XXXYBWK76M9WV2AENPHHAV8"
103 http GET https://registry.npmjs.org/hapi
104 http 304 https://registry.npmjs.org/jade
105 silly registry.get cb [ 304,
105 silly registry.get   { date: 'Mon, 27 Oct 2014 13:45:21 GMT',
105 silly registry.get     server: 'Apache',
105 silly registry.get     via: '1.1 varnish',
105 silly registry.get     'last-modified': 'Mon, 27 Oct 2014 13:45:21 GMT',
105 silly registry.get     'cache-control': 'max-age=60',
105 silly registry.get     etag: '"574TTA7U5CJE1ZXHJE2S286DB"',
105 silly registry.get     age: '49',
105 silly registry.get     'x-served-by': 'cache-lhr6334-LHR',
105 silly registry.get     'x-cache': 'HIT',
105 silly registry.get     'x-cache-hits': '1',
105 silly registry.get     'x-timer': 'S1414417521.779655,VS0,VE2',
105 silly registry.get     vary: 'Accept',
105 silly registry.get     'content-length': '0',
105 silly registry.get     'keep-alive': 'timeout=10, max=50',
105 silly registry.get     connection: 'Keep-Alive' } ]
106 verbose etag https://registry.npmjs.org/jade from cache
107 http 304 https://registry.npmjs.org/joi
108 silly registry.get cb [ 304,
108 silly registry.get   { date: 'Mon, 27 Oct 2014 13:45:21 GMT',
108 silly registry.get     server: 'Apache',
108 silly registry.get     via: '1.1 varnish',
108 silly registry.get     'last-modified': 'Mon, 27 Oct 2014 13:45:21 GMT',
108 silly registry.get     'cache-control': 'max-age=60',
108 silly registry.get     etag: '"EF0KGKPR4YIPLRO9Y5UV9AZ9U"',
108 silly registry.get     age: '0',
108 silly registry.get     'x-served-by': 'cache-lhr6327-LHR',
108 silly registry.get     'x-cache': 'MISS',
108 silly registry.get     'x-cache-hits': '0',
108 silly registry.get     'x-timer': 'S1414417521.729424,VS0,VE85',
108 silly registry.get     vary: 'Accept',
108 silly registry.get     'content-length': '0',
108 silly registry.get     'keep-alive': 'timeout=10, max=50',
108 silly registry.get     connection: 'Keep-Alive' } ]
109 verbose etag https://registry.npmjs.org/joi from cache
110 silly addNameRange number 2 { name: 'joi', range: '>=4.7.0-0 <5.0.0-0', hasData: true }
111 silly addNameRange versions [ 'joi',
111 silly addNameRange   [ '0.0.1',
111 silly addNameRange     '0.0.2',
111 silly addNameRange     '0.0.3',
111 silly addNameRange     '0.0.4',
111 silly addNameRange     '0.0.5',
111 silly addNameRange     '0.0.6',
111 silly addNameRange     '0.0.6-1',
111 silly addNameRange     '0.0.7',
111 silly addNameRange     '0.0.8',
111 silly addNameRange     '0.0.9',
111 silly addNameRange     '0.0.10',
111 silly addNameRange     '0.1.0',
111 silly addNameRange     '0.1.1',
111 silly addNameRange     '0.1.2',
111 silly addNameRange     '0.1.3',
111 silly addNameRange     '0.2.0',
111 silly addNameRange     '0.2.1',
111 silly addNameRange     '0.2.2',
111 silly addNameRange     '0.2.3',
111 silly addNameRange     '0.2.4',
111 silly addNameRange     '0.2.5',
111 silly addNameRange     '0.2.6',
111 silly addNameRange     '0.3.0',
111 silly addNameRange     '0.3.1',
111 silly addNameRange     '0.3.2',
111 silly addNameRange     '0.3.3',
111 silly addNameRange     '0.3.4',
111 silly addNameRange     '0.3.5',
111 silly addNameRange     '0.3.6',
111 silly addNameRange     '0.4.0',
111 silly addNameRange     '1.0.0',
111 silly addNameRange     '1.1.0',
111 silly addNameRange     '1.2.0',
111 silly addNameRange     '1.2.1',
111 silly addNameRange     '1.2.2',
111 silly addNameRange     '1.2.3',
111 silly addNameRange     '2.0.0',
111 silly addNameRange     '2.0.1',
111 silly addNameRange     '2.0.2',
111 silly addNameRange     '2.0.3',
111 silly addNameRange     '2.1.0',
111 silly addNameRange     '2.2.0',
111 silly addNameRange     '2.3.0',
111 silly addNameRange     '2.3.1',
111 silly addNameRange     '2.4.1',
111 silly addNameRange     '2.4.2',
111 silly addNameRange     '2.4.3',
111 silly addNameRange     '2.5.0',
111 silly addNameRange     '2.6.0',
111 silly addNameRange     '2.7.0',
111 silly addNameRange     '2.8.0',
111 silly addNameRange     '2.9.0',
111 silly addNameRange     '3.0.0',
111 silly addNameRange     '3.1.0',
111 silly addNameRange     '4.0.0',
111 silly addNameRange     '4.2.1',
111 silly addNameRange     '4.3.0',
111 silly addNameRange     '4.3.1',
111 silly addNameRange     '4.4.0',
111 silly addNameRange     '4.5.0',
111 silly addNameRange     '4.6.0',
111 silly addNameRange     '4.6.1',
111 silly addNameRange     '4.6.2',
111 silly addNameRange     '4.7.0' ] ]
112 verbose addNamed [ 'joi', '4.7.0' ]
113 verbose addNamed [ '4.7.0', '4.7.0' ]
114 silly lockFile bd39f9f9-joi-4-7-0 joi@4.7.0
115 verbose lock joi@4.7.0 /Users/benjaminlees/.npm/bd39f9f9-joi-4-7-0.lock
116 silly addNameRange number 2 { name: 'jade', range: '>=1.7.0-0 <2.0.0-0', hasData: true }
117 silly addNameRange versions [ 'jade',
117 silly addNameRange   [ '0.0.1',
117 silly addNameRange     '0.0.2',
117 silly addNameRange     '0.1.0',
117 silly addNameRange     '0.2.0',
117 silly addNameRange     '0.2.1',
117 silly addNameRange     '0.2.2',
117 silly addNameRange     '0.2.3',
117 silly addNameRange     '0.2.4',
117 silly addNameRange     '0.3.0',
117 silly addNameRange     '0.4.0',
117 silly addNameRange     '0.4.1',
117 silly addNameRange     '0.5.0',
117 silly addNameRange     '0.5.1',
117 silly addNameRange     '0.5.2',
117 silly addNameRange     '0.5.3',
117 silly addNameRange     '0.5.4',
117 silly addNameRange     '0.5.5',
117 silly addNameRange     '0.5.6',
117 silly addNameRange     '0.5.7',
117 silly addNameRange     '0.6.0',
117 silly addNameRange     '0.6.1',
117 silly addNameRange     '0.6.3',
117 silly addNameRange     '0.7.0',
117 silly addNameRange     '0.7.1',
117 silly addNameRange     '0.8.0',
117 silly addNameRange     '0.8.1',
117 silly addNameRange     '0.8.2',
117 silly addNameRange     '0.8.3',
117 silly addNameRange     '0.8.4',
117 silly addNameRange     '0.8.5',
117 silly addNameRange     '0.8.6',
117 silly addNameRange     '0.8.7',
117 silly addNameRange     '0.8.8',
117 silly addNameRange     '0.8.9',
117 silly addNameRange     '0.9.0',
117 silly addNameRange     '0.9.1',
117 silly addNameRange     '0.9.2',
117 silly addNameRange     '0.9.3',
117 silly addNameRange     '0.10.0',
117 silly addNameRange     '0.10.1',
117 silly addNameRange     '0.10.2',
117 silly addNameRange     '0.10.3',
117 silly addNameRange     '0.10.4',
117 silly addNameRange     '0.10.5',
117 silly addNameRange     '0.10.6',
117 silly addNameRange     '0.10.7',
117 silly addNameRange     '0.11.0',
117 silly addNameRange     '0.11.1',
117 silly addNameRange     '0.12.0',
117 silly addNameRange     '0.12.1',
117 silly addNameRange     '0.12.2',
117 silly addNameRange     '0.12.3',
117 silly addNameRange     '0.12.4',
117 silly addNameRange     '0.13.0',
117 silly addNameRange     '0.14.0',
117 silly addNameRange     '0.14.1',
117 silly addNameRange     '0.14.2',
117 silly addNameRange     '0.15.0',
117 silly addNameRange     '0.15.1',
117 silly addNameRange     '0.15.2',
117 silly addNameRange     '0.15.3',
117 silly addNameRange     '0.15.4',
117 silly addNameRange     '0.16.0',
117 silly addNameRange     '0.16.1',
117 silly addNameRange     '0.16.2',
117 silly addNameRange     '0.16.3',
117 silly addNameRange     '0.16.4',
117 silly addNameRange     '0.17.0',
117 silly addNameRange     '0.18.0',
117 silly addNameRange     '0.19.0',
117 silly addNameRange     '0.20.0',
117 silly addNameRange     '0.20.1',
117 silly addNameRange     '0.20.2',
117 silly addNameRange     '0.20.3',
117 silly addNameRange     '0.21.0',
117 silly addNameRange     '0.22.0',
117 silly addNameRange     '0.22.1',
117 silly addNameRange     '0.23.0',
117 silly addNameRange     '0.24.0',
117 silly addNameRange     '0.25.0',
117 silly addNameRange     '0.26.0',
117 silly addNameRange     '0.26.1',
117 silly addNameRange     '0.26.2',
117 silly addNameRange     '0.26.3',
117 silly addNameRange     '0.27.0',
117 silly addNameRange     '0.27.1',
117 silly addNameRange     '0.27.2',
117 silly addNameRange     '0.27.3',
117 silly addNameRange     '0.27.4',
117 silly addNameRange     '0.27.5',
117 silly addNameRange     '0.27.6',
117 silly addNameRange     '0.27.7',
117 silly addNameRange     '0.28.0',
117 silly addNameRange     '0.28.1',
117 silly addNameRange     '0.28.2',
117 silly addNameRange     '0.29.0',
117 silly addNameRange     '0.30.0',
117 silly addNameRange     '0.31.0',
117 silly addNameRange     '0.31.1',
117 silly addNameRange     '0.31.2',
117 silly addNameRange     '0.32.0',
117 silly addNameRange     '0.33.0',
117 silly addNameRange     '0.34.0',
117 silly addNameRange     '0.34.1',
117 silly addNameRange     '0.35.0',
117 silly addNameRange     '1.0.0',
117 silly addNameRange     '1.0.1',
117 silly addNameRange     '1.0.2',
117 silly addNameRange     '1.1.0',
117 silly addNameRange     '1.1.1',
117 silly addNameRange     '1.1.2',
117 silly addNameRange     '1.1.3',
117 silly addNameRange     '1.1.4',
117 silly addNameRange     '1.1.5',
117 silly addNameRange     '1.2.0',
117 silly addNameRange     '1.3.0',
117 silly addNameRange     '1.3.1',
117 silly addNameRange     '1.4.0',
117 silly addNameRange     '1.4.1',
117 silly addNameRange     '1.4.2',
117 silly addNameRange     '1.5.0',
117 silly addNameRange     '1.6.0',
117 silly addNameRange     '1.7.0' ] ]
118 verbose addNamed [ 'jade', '1.7.0' ]
119 verbose addNamed [ '1.7.0', '1.7.0' ]
120 silly lockFile 154ac756-jade-1-7-0 jade@1.7.0
121 verbose lock jade@1.7.0 /Users/benjaminlees/.npm/154ac756-jade-1-7-0.lock
122 silly lockFile bd39f9f9-joi-4-7-0 joi@4.7.0
123 silly lockFile bd39f9f9-joi-4-7-0 joi@4.7.0
124 silly lockFile d2844e06-joi-4-7-0 joi@^4.7.0
125 silly lockFile d2844e06-joi-4-7-0 joi@^4.7.0
126 silly lockFile 154ac756-jade-1-7-0 jade@1.7.0
127 silly lockFile 154ac756-jade-1-7-0 jade@1.7.0
128 silly lockFile b3c23ec8-jade-1-7-0 jade@^1.7.0
129 silly lockFile b3c23ec8-jade-1-7-0 jade@^1.7.0
130 http 200 https://registry.npmjs.org/catbox-mongodb
131 silly registry.get cb [ 200,
131 silly registry.get   { date: 'Mon, 27 Oct 2014 13:45:22 GMT',
131 silly registry.get     server: 'CouchDB/1.5.0 (Erlang OTP/R16B03)',
131 silly registry.get     etag: '"5ZNOQ5XJ721XPX2BHMV88J61Q"',
131 silly registry.get     'content-type': 'application/json',
131 silly registry.get     'cache-control': 'max-age=60',
131 silly registry.get     'content-length': '8682',
131 silly registry.get     'accept-ranges': 'bytes',
131 silly registry.get     via: '1.1 varnish',
131 silly registry.get     age: '0',
131 silly registry.get     'x-served-by': 'cache-lhr6331-LHR',
131 silly registry.get     'x-cache': 'MISS',
131 silly registry.get     'x-cache-hits': '0',
131 silly registry.get     'x-timer': 'S1414417521.741257,VS0,VE353',
131 silly registry.get     vary: 'Accept',
131 silly registry.get     'keep-alive': 'timeout=10, max=50',
131 silly registry.get     connection: 'Keep-Alive' } ]
132 http 304 https://registry.npmjs.org/hapi-mongodb
133 silly registry.get cb [ 304,
133 silly registry.get   { date: 'Mon, 27 Oct 2014 13:45:21 GMT',
133 silly registry.get     server: 'Apache',
133 silly registry.get     via: '1.1 varnish',
133 silly registry.get     'last-modified': 'Mon, 27 Oct 2014 13:45:22 GMT',
133 silly registry.get     'cache-control': 'max-age=60',
133 silly registry.get     etag: '"BQEWTKMY4VV9LME9AYC7ZK1WM"',
133 silly registry.get     age: '0',
133 silly registry.get     'x-served-by': 'cache-lhr6320-LHR',
133 silly registry.get     'x-cache': 'MISS',
133 silly registry.get     'x-cache-hits': '0',
133 silly registry.get     'x-timer': 'S1414417521.733725,VS0,VE367',
133 silly registry.get     vary: 'Accept',
133 silly registry.get     'content-length': '0',
133 silly registry.get     'keep-alive': 'timeout=10, max=50',
133 silly registry.get     connection: 'Keep-Alive' } ]
134 verbose etag https://registry.npmjs.org/hapi-mongodb from cache
135 silly addNameRange number 2 { name: 'hapi-mongodb',
135 silly addNameRange   range: '>=2.2.0-0 <3.0.0-0',
135 silly addNameRange   hasData: true }
136 silly addNameRange versions [ 'hapi-mongodb',
136 silly addNameRange   [ '1.3.0', '1.3.1', '1.3.2', '2.0.0', '2.0.1', '2.1.0', '2.2.0' ] ]
137 verbose addNamed [ 'hapi-mongodb', '2.2.0' ]
138 verbose addNamed [ '2.2.0', '2.2.0' ]
139 silly lockFile b3884410-hapi-mongodb-2-2-0 hapi-mongodb@2.2.0
140 verbose lock hapi-mongodb@2.2.0 /Users/benjaminlees/.npm/b3884410-hapi-mongodb-2-2-0.lock
141 silly addNameRange number 2 { name: 'catbox-mongodb',
141 silly addNameRange   range: '>=1.0.5-0 <2.0.0-0',
141 silly addNameRange   hasData: true }
142 silly addNameRange versions [ 'catbox-mongodb',
142 silly addNameRange   [ '1.0.0', '1.0.1', '1.0.2', '1.0.3', '1.0.4', '1.0.5' ] ]
143 verbose addNamed [ 'catbox-mongodb', '1.0.5' ]
144 verbose addNamed [ '1.0.5', '1.0.5' ]
145 silly lockFile da3783c7-catbox-mongodb-1-0-5 catbox-mongodb@1.0.5
146 verbose lock catbox-mongodb@1.0.5 /Users/benjaminlees/.npm/da3783c7-catbox-mongodb-1-0-5.lock
147 silly lockFile b70034c5-mongodb-catbox-mongodb-1-0-5-tgz https://registry.npmjs.org/catbox-mongodb/-/catbox-mongodb-1.0.5.tgz
148 verbose lock https://registry.npmjs.org/catbox-mongodb/-/catbox-mongodb-1.0.5.tgz /Users/benjaminlees/.npm/b70034c5-mongodb-catbox-mongodb-1-0-5-tgz.lock
149 verbose addRemoteTarball [ 'https://registry.npmjs.org/catbox-mongodb/-/catbox-mongodb-1.0.5.tgz',
149 verbose addRemoteTarball   'a654d9a83939a29cdf76a209c3a061a031fef2e2' ]
150 info retry fetch attempt 1 at 13:45:22
151 verbose fetch to= /var/folders/f5/kgftjfbn6lz_4ycdjq990lsm0000gn/T/npm-12077-KUEccPYC/registry.npmjs.org/catbox-mongodb/-/catbox-mongodb-1.0.5.tgz
152 http GET https://registry.npmjs.org/catbox-mongodb/-/catbox-mongodb-1.0.5.tgz
153 silly lockFile b3884410-hapi-mongodb-2-2-0 hapi-mongodb@2.2.0
154 silly lockFile b3884410-hapi-mongodb-2-2-0 hapi-mongodb@2.2.0
155 silly lockFile 74995dec-hapi-mongodb-2-2-0 hapi-mongodb@^2.2.0
156 silly lockFile 74995dec-hapi-mongodb-2-2-0 hapi-mongodb@^2.2.0
157 http 200 https://registry.npmjs.org/hapi
158 silly registry.get cb [ 200,
158 silly registry.get   { date: 'Mon, 27 Oct 2014 13:45:22 GMT',
158 silly registry.get     server: 'CouchDB/1.5.0 (Erlang OTP/R16B03)',
158 silly registry.get     etag: '"30L4IQLO75043VH7MEN8V5LPO"',
158 silly registry.get     'content-type': 'application/json',
158 silly registry.get     'cache-control': 'max-age=60',
158 silly registry.get     'content-length': '230854',
158 silly registry.get     'accept-ranges': 'bytes',
158 silly registry.get     via: '1.1 varnish',
158 silly registry.get     age: '0',
158 silly registry.get     'x-served-by': 'cache-lhr6326-LHR',
158 silly registry.get     'x-cache': 'HIT',
158 silly registry.get     'x-cache-hits': '1',
158 silly registry.get     'x-timer': 'S1414417521.760815,VS0,VE351',
158 silly registry.get     vary: 'Accept',
158 silly registry.get     'keep-alive': 'timeout=10, max=50',
158 silly registry.get     connection: 'Keep-Alive' } ]
159 silly addNameRange number 2 { name: 'hapi', range: '>=7.0.0-0 <8.0.0-0', hasData: true }
160 silly addNameRange versions [ 'hapi',
160 silly addNameRange   [ '0.0.1',
160 silly addNameRange     '0.0.2',
160 silly addNameRange     '0.0.3',
160 silly addNameRange     '0.0.4',
160 silly addNameRange     '0.0.5',
160 silly addNameRange     '0.0.6',
160 silly addNameRange     '0.1.0',
160 silly addNameRange     '0.1.1',
160 silly addNameRange     '0.1.2',
160 silly addNameRange     '0.1.3',
160 silly addNameRange     '0.2.0',
160 silly addNameRange     '0.2.1',
160 silly addNameRange     '0.3.0',
160 silly addNameRange     '0.4.0',
160 silly addNameRange     '0.4.1',
160 silly addNameRange     '0.4.2',
160 silly addNameRange     '0.4.3',
160 silly addNameRange     '0.4.4',
160 silly addNameRange     '0.5.0',
160 silly addNameRange     '0.5.1',
160 silly addNameRange     '0.6.0',
160 silly addNameRange     '0.6.1',
160 silly addNameRange     '0.5.2',
160 silly addNameRange     '0.7.0',
160 silly addNameRange     '0.7.1',
160 silly addNameRange     '0.8.0',
160 silly addNameRange     '0.8.1',
160 silly addNameRange     '0.8.2',
160 silly addNameRange     '0.8.3',
160 silly addNameRange     '0.8.4',
160 silly addNameRange     '0.9.0',
160 silly addNameRange     '0.9.1',
160 silly addNameRange     '0.9.2',
160 silly addNameRange     '0.10.0',
160 silly addNameRange     '0.10.1',
160 silly addNameRange     '0.11.0',
160 silly addNameRange     '0.11.1',
160 silly addNameRange     '0.11.2',
160 silly addNameRange     '0.11.3',
160 silly addNameRange     '0.12.0',
160 silly addNameRange     '0.13.0',
160 silly addNameRange     '0.13.1',
160 silly addNameRange     '0.13.2',
160 silly addNameRange     '0.11.4',
160 silly addNameRange     '0.13.3',
160 silly addNameRange     '0.14.0',
160 silly addNameRange     '0.14.1',
160 silly addNameRange     '0.14.2',
160 silly addNameRange     '0.15.0',
160 silly addNameRange     '0.15.1',
160 silly addNameRange     '0.15.2',
160 silly addNameRange     '0.15.3',
160 silly addNameRange     '0.15.4',
160 silly addNameRange     '0.15.5',
160 silly addNameRange     '0.15.6',
160 silly addNameRange     '0.15.7',
160 silly addNameRange     '0.15.8',
160 silly addNameRange     '0.15.9',
160 silly addNameRange     '0.16.0',
160 silly addNameRange     '1.0.0',
160 silly addNameRange     '1.0.1',
160 silly addNameRange     '1.0.2',
160 silly addNameRange     '1.0.3',
160 silly addNameRange     '1.1.0',
160 silly addNameRange     '1.2.0',
160 silly addNameRange     '1.3.0',
160 silly addNameRange     '1.4.0',
160 silly addNameRange     '1.5.0',
160 silly addNameRange     '1.6.0',
160 silly addNameRange     '1.6.1',
160 silly addNameRange     '1.6.2',
160 silly addNameRange     '1.7.0',
160 silly addNameRange     '1.7.1',
160 silly addNameRange     '1.7.2',
160 silly addNameRange     '1.7.3',
160 silly addNameRange     '1.8.0',
160 silly addNameRange     '1.8.1',
160 silly addNameRange     '1.8.2',
160 silly addNameRange     '1.8.3',
160 silly addNameRange     '1.9.0',
160 silly addNameRange     '1.9.1',
160 silly addNameRange     '1.9.2',
160 silly addNameRange     '1.9.3',
160 silly addNameRange     '1.9.4',
160 silly addNameRange     '1.9.5',
160 silly addNameRange     '1.9.6',
160 silly addNameRange     '1.9.7',
160 silly addNameRange     '1.10.0',
160 silly addNameRange     '1.11.0',
160 silly addNameRange     '1.11.1',
160 silly addNameRange     '1.12.0',
160 silly addNameRange     '1.13.0',
160 silly addNameRange     '1.14.0',
160 silly addNameRange     '1.15.0',
160 silly addNameRange     '1.16.0',
160 silly addNameRange     '1.16.1',
160 silly addNameRange     '1.17.0',
160 silly addNameRange     '1.18.0',
160 silly addNameRange     '1.19.0',
160 silly addNameRange     '1.19.1',
160 silly addNameRange     '1.19.2',
160 silly addNameRange     '1.19.3',
160 silly addNameRange     '1.19.4',
160 silly addNameRange     '1.19.5',
160 silly addNameRange     '1.20.0',
160 silly addNameRange     '2.0.0-preview',
160 silly addNameRange     '0.5.1-a',
160 silly addNameRange     '0.5.1-b',
160 silly addNameRange     '0.5.1-b2',
160 silly addNameRange     '0.5.1-c',
160 silly addNameRange     '2.0.0',
160 silly addNameRange     '2.1.0',
160 silly addNameRange     '2.1.1',
160 silly addNameRange     '2.1.2',
160 silly addNameRange     '2.2.0',
160 silly addNameRange     '2.3.0',
160 silly addNameRange     '2.4.0',
160 silly addNameRange     '2.5.0',
160 silly addNameRange     '2.6.0',
160 silly addNameRange     '3.0.0',
160 silly addNameRange     '3.0.1',
160 silly addNameRange     '3.0.2',
160 silly addNameRange     '3.1.0',
160 silly addNameRange     '4.0.0',
160 silly addNameRange     '4.0.1',
160 silly addNameRange     '4.0.2',
160 silly addNameRange     '4.0.3',
160 silly addNameRange     '4.1.0',
160 silly addNameRange     '4.1.1',
160 silly addNameRange     '4.1.2',
160 silly addNameRange     '4.1.3',
160 silly addNameRange     '4.1.4',
160 silly addNameRange     '5.0.0',
160 silly addNameRange     '5.1.0',
160 silly addNameRange     '6.0.0',
160 silly addNameRange     '6.0.1',
160 silly addNameRange     '6.0.2',
160 silly addNameRange     '6.1.0',
160 silly addNameRange     '6.2.0',
160 silly addNameRange     '6.2.1',
160 silly addNameRange     '6.2.2',
160 silly addNameRange     '6.3.0',
160 silly addNameRange     '6.4.0',
160 silly addNameRange     '6.5.0',
160 silly addNameRange     '6.5.1',
160 silly addNameRange     '6.6.0',
160 silly addNameRange     '6.7.0',
160 silly addNameRange     '6.7.1',
160 silly addNameRange     '6.8.0',
160 silly addNameRange     '6.8.1',
160 silly addNameRange     '6.9.0',
160 silly addNameRange     '6.10.0',
160 silly addNameRange     '6.11.0',
160 silly addNameRange     '6.11.1',
160 silly addNameRange     '7.0.0',
160 silly addNameRange     '7.0.1',
160 silly addNameRange     '7.1.0',
160 silly addNameRange     '7.1.1' ] ]
161 verbose addNamed [ 'hapi', '7.1.1' ]
162 verbose addNamed [ '7.1.1', '7.1.1' ]
163 silly lockFile 6f3437dd-hapi-7-1-1 hapi@7.1.1
164 verbose lock hapi@7.1.1 /Users/benjaminlees/.npm/6f3437dd-hapi-7-1-1.lock
165 silly lockFile 1a97ee13-ry-npmjs-org-hapi-hapi-7-1-1-tgz https://registry.npmjs.org/hapi/-/hapi-7.1.1.tgz
166 verbose lock https://registry.npmjs.org/hapi/-/hapi-7.1.1.tgz /Users/benjaminlees/.npm/1a97ee13-ry-npmjs-org-hapi-hapi-7-1-1-tgz.lock
167 verbose addRemoteTarball [ 'https://registry.npmjs.org/hapi/-/hapi-7.1.1.tgz',
167 verbose addRemoteTarball   '6ccd4a78f116f2afce3a6fcc58d7619bf7f0280c' ]
168 info retry fetch attempt 1 at 13:45:22
169 verbose fetch to= /var/folders/f5/kgftjfbn6lz_4ycdjq990lsm0000gn/T/npm-12077-KUEccPYC/registry.npmjs.org/hapi/-/hapi-7.1.1.tgz
170 http GET https://registry.npmjs.org/hapi/-/hapi-7.1.1.tgz
171 http 200 https://registry.npmjs.org/hapi/-/hapi-7.1.1.tgz
172 silly lockFile 1a97ee13-ry-npmjs-org-hapi-hapi-7-1-1-tgz https://registry.npmjs.org/hapi/-/hapi-7.1.1.tgz
173 silly lockFile 1a97ee13-ry-npmjs-org-hapi-hapi-7-1-1-tgz https://registry.npmjs.org/hapi/-/hapi-7.1.1.tgz
174 silly lockFile 6f3437dd-hapi-7-1-1 hapi@7.1.1
175 silly lockFile 6f3437dd-hapi-7-1-1 hapi@7.1.1
176 silly lockFile 2330be6d-hapi-7-0-0 hapi@^7.0.0
177 silly lockFile 2330be6d-hapi-7-0-0 hapi@^7.0.0
178 http 200 https://registry.npmjs.org/catbox-mongodb/-/catbox-mongodb-1.0.5.tgz
179 silly lockFile b70034c5-mongodb-catbox-mongodb-1-0-5-tgz https://registry.npmjs.org/catbox-mongodb/-/catbox-mongodb-1.0.5.tgz
180 silly lockFile b70034c5-mongodb-catbox-mongodb-1-0-5-tgz https://registry.npmjs.org/catbox-mongodb/-/catbox-mongodb-1.0.5.tgz
181 silly lockFile da3783c7-catbox-mongodb-1-0-5 catbox-mongodb@1.0.5
182 silly lockFile da3783c7-catbox-mongodb-1-0-5 catbox-mongodb@1.0.5
183 silly lockFile 7615f0d5-catbox-mongodb-1-0-5 catbox-mongodb@^1.0.5
184 silly lockFile 7615f0d5-catbox-mongodb-1-0-5 catbox-mongodb@^1.0.5
185 error Error: EACCES, mkdir '/Users/benjaminlees/.npm/hapi/7.1.1'
185 error  { [Error: EACCES, mkdir '/Users/benjaminlees/.npm/hapi/7.1.1']
185 error   errno: 3,
185 error   code: 'EACCES',
185 error   path: '/Users/benjaminlees/.npm/hapi/7.1.1',
185 error   parent: 'hapiblog' }
186 error Please try running this command again as root/Administrator.
187 error System Darwin 13.3.0
188 error command "node" "/usr/local/bin/npm" "install"
189 error cwd /Users/benjaminlees/Documents/frontToBackBlog/frontToBackBlog
190 error node -v v0.10.32
191 error npm -v 1.4.28
192 error path /Users/benjaminlees/.npm/hapi/7.1.1
193 error code EACCES
194 error errno 3
195 error stack Error: EACCES, mkdir '/Users/benjaminlees/.npm/hapi/7.1.1'
196 verbose exit [ 3, true ]
